{
"src/shared.component.ts":{"path":"src/shared.component.ts","statementMap":{"1":{"start":{"line":1,"column":0},"end":{"line":1,"column":42}},"2":{"start":{"line":8,"column":0},"end":{"line":13,"column":1}},"3":{"start":{"line":10,"column":4},"end":{"line":11,"column":5}},"4":{"start":{"line":13,"column":0},"end":{"line":13,"column":1}},"5":{"start":{"line":8,"column":13},"end":{"line":13,"column":1}},"6":{"start":{"line":8,"column":13},"end":{"line":8,"column":28}}},"fnMap":{"1":{"name":"(anonymous_3)","line":8,"loc":{"start":{"line":8,"column":28},"end":{"line":null,"column":-1}}},"2":{"name":"SharedComponent","line":10,"loc":{"start":{"line":10,"column":4},"end":{"line":null,"column":-1}}}},"branchMap":{},"s":{"1":1,"2":1,"3":1,"4":1,"5":1,"6":1},"b":{},"f":{"1":1,"2":1},"l":{"1":1,"8":1,"10":1,"13":1}}}
